[21:22:07] 2024-07-09 21:22:07                                        log.py:22
                                                                               
[21:23:00] 2024-07-09 21:22:59                                        log.py:22
                                                                               
[21:24:52] 2024-07-09 21:24:52                                        log.py:22
                                                                               
[21:25:44] 2024-07-09 21:25:37                                        log.py:22
                                                                               
[21:35:39] 2024-07-09 21:35:39                                        log.py:22
                                                                               
[21:36:01] 2024-07-09 21:36:01                                        log.py:22
                                                                               
[21:37:23] 2024-07-09 21:37:23                                        log.py:22
                                                                               
[21:38:27] 2024-07-09 21:38:27                                        log.py:22
                                                                               
[21:44:37] 2024-07-09 21:44:37                                        log.py:22
                                                                               
[21:45:28] 2024-07-09 21:45:28                                        log.py:22
                                                                               
[21:46:29] 2024-07-09 21:46:29                                        log.py:22
                                                                               
[21:50:11] 2024-07-09 21:50:11                                        log.py:22
                                                                               
[21:51:02] 2024-07-09 21:51:02                                        log.py:22
                                                                               
[21:53:41] 2024-07-09 21:53:41                                        log.py:22
                                                                               
[21:54:34] 2024-07-09 21:54:34                                        log.py:22
                                                                               
[21:56:01] 2024-07-09 21:56:01                                        log.py:22
                                                                               
[21:56:48] 2024-07-09 21:56:48                                        log.py:22
                                                                               
[21:58:11] 2024-07-09 21:58:11                                        log.py:22
                                                                               
[21:59:27] 2024-07-09 21:59:27                                        log.py:22
                                                                               
[21:59:42] 用时：15.026秒                                             log.py:22
                                                                               
[21:59:42] 共计6张人脸图片，保存至D:\BaiduNetdiskDownload\face-labeli log.py:22
           ng-master\face-labeling-master\yolov5\FaceFrame\frame19/ra          
           w                                                                   
           共计6张人脸标记图片，保存至D:\BaiduNetdiskDownload\face-la          
           beling-master\face-labeling-master\yolov5\FaceFrame\frame1          
           9/tag                                                               
           共计6个人脸xml文件，保存至D:\BaiduNetdiskDownload\face-lab          
           eling-master\face-labeling-master\yolov5\FaceFrame\frame19          
           /voc_xml                                                            
           共计1个人脸json文件，保存至D:\BaiduNetdiskDownload\face-la          
           beling-master\face-labeling-master\yolov5\FaceFrame\frame1          
           9/coco_json                                                         
           共计6个人脸txt文件，保存至D:\BaiduNetdiskDownload\face-lab          
           eling-master\face-labeling-master\yolov5\FaceFrame\frame19          
           /yolo_txt                                                           
                                                                               
[22:05:41] 2024-07-09 22:05:41                                        log.py:22
                                                                               
[22:05:42] 用时：1.012秒                                              log.py:22
                                                                               
[22:05:42] 共计6张人脸图片，保存至D:\BaiduNetdiskDownload\face-labeli log.py:22
           ng-master\face-labeling-master\yolov5\FaceFrame\frame20/ra          
           w                                                                   
           共计6张人脸标记图片，保存至D:\BaiduNetdiskDownload\face-la          
           beling-master\face-labeling-master\yolov5\FaceFrame\frame2          
           0/tag                                                               
           共计6个人脸xml文件，保存至D:\BaiduNetdiskDownload\face-lab          
           eling-master\face-labeling-master\yolov5\FaceFrame\frame20          
           /voc_xml                                                            
           共计1个人脸json文件，保存至D:\BaiduNetdiskDownload\face-la          
           beling-master\face-labeling-master\yolov5\FaceFrame\frame2          
           0/coco_json                                                         
           共计6个人脸txt文件，保存至D:\BaiduNetdiskDownload\face-lab          
           eling-master\face-labeling-master\yolov5\FaceFrame\frame20          
           /yolo_txt                                                           
                                                                               
[22:06:09] 2024-07-09 22:06:09                                        log.py:22
                                                                               
[22:07:12] 2024-07-09 22:07:12                                        log.py:22
                                                                               
[22:17:15] 2024-07-09 22:17:15                                        log.py:22
                                                                               
[22:18:12] 2024-07-09 22:18:12                                        log.py:22
                                                                               
[22:18:13] 用时：1.002秒                                              log.py:22
                                                                               
[22:18:13] 共计6张人脸图片，保存至D:\BaiduNetdiskDownload\face-labeli log.py:22
           ng-master\face-labeling-master\yolov5\FaceFrame\frame24/ra          
           w                                                                   
           共计6张人脸标记图片，保存至D:\BaiduNetdiskDownload\face-la          
           beling-master\face-labeling-master\yolov5\FaceFrame\frame2          
           4/tag                                                               
           共计6个人脸xml文件，保存至D:\BaiduNetdiskDownload\face-lab          
           eling-master\face-labeling-master\yolov5\FaceFrame\frame24          
           /voc_xml                                                            
           共计1个人脸json文件，保存至D:\BaiduNetdiskDownload\face-la          
           beling-master\face-labeling-master\yolov5\FaceFrame\frame2          
           4/coco_json                                                         
           共计6个人脸txt文件，保存至D:\BaiduNetdiskDownload\face-lab          
           eling-master\face-labeling-master\yolov5\FaceFrame\frame24          
           /yolo_txt                                                           
                                                                               
[22:19:04] 2024-07-09 22:19:04                                        log.py:22
                                                                               
[22:20:22] 用时：1分17.550秒                                          log.py:22
                                                                               
[22:20:22] 共计6张人脸图片，保存至D:\BaiduNetdiskDownload\face-labeli log.py:22
           ng-master\face-labeling-master\yolov5\FaceFrame\frame25/ra          
           w                                                                   
           共计6张人脸标记图片，保存至D:\BaiduNetdiskDownload\face-la          
           beling-master\face-labeling-master\yolov5\FaceFrame\frame2          
           5/tag                                                               
           共计6个人脸xml文件，保存至D:\BaiduNetdiskDownload\face-lab          
           eling-master\face-labeling-master\yolov5\FaceFrame\frame25          
           /voc_xml                                                            
           共计1个人脸json文件，保存至D:\BaiduNetdiskDownload\face-la          
           beling-master\face-labeling-master\yolov5\FaceFrame\frame2          
           5/coco_json                                                         
           共计6个人脸txt文件，保存至D:\BaiduNetdiskDownload\face-lab          
           eling-master\face-labeling-master\yolov5\FaceFrame\frame25          
           /yolo_txt                                                           
                                                                               
[22:22:38] 2024-07-09 22:22:38                                        log.py:22
                                                                               
[22:23:34] 2024-07-09 22:23:34                                        log.py:22
                                                                               
[22:23:35] 用时：1.006秒                                              log.py:22
                                                                               
[22:23:35] 共计6张人脸图片，保存至D:\BaiduNetdiskDownload\face-labeli log.py:22
           ng-master\face-labeling-master\yolov5\FaceFrame\frame27/ra          
           w                                                                   
           共计6张人脸标记图片，保存至D:\BaiduNetdiskDownload\face-la          
           beling-master\face-labeling-master\yolov5\FaceFrame\frame2          
           7/tag                                                               
           共计6个人脸xml文件，保存至D:\BaiduNetdiskDownload\face-lab          
           eling-master\face-labeling-master\yolov5\FaceFrame\frame27          
           /voc_xml                                                            
           共计1个人脸json文件，保存至D:\BaiduNetdiskDownload\face-la          
           beling-master\face-labeling-master\yolov5\FaceFrame\frame2          
           7/coco_json                                                         
           共计6个人脸txt文件，保存至D:\BaiduNetdiskDownload\face-lab          
           eling-master\face-labeling-master\yolov5\FaceFrame\frame27          
           /yolo_txt                                                           
                                                                               
[22:24:09] 2024-07-09 22:24:09                                        log.py:22
                                                                               
[22:24:46] 2024-07-09 22:24:46                                        log.py:22
                                                                               
[22:27:04] 2024-07-09 22:27:04                                        log.py:22
                                                                               
[22:27:55] 2024-07-09 22:27:55                                        log.py:22
                                                                               
[22:28:24] 共计252张人脸图片，保存至D:\BaiduNetdiskDownload\face-labe log.py:22
           ling-master\face-labeling-master\yolov5\FaceFrame\frame31/          
           face_test_mp4/raw                                                   
           共计252张人脸标记图片，保存至D:\BaiduNetdiskDownload\face-          
           labeling-master\face-labeling-master\yolov5\FaceFrame\fram          
           e31/face_test_mp4/tag                                               
           共计252个人脸xml文件，保存至D:\BaiduNetdiskDownload\face-l          
           abeling-master\face-labeling-master\yolov5\FaceFrame\frame          
           31/face_test_mp4/voc_xml                                            
           共计1个人脸json文件，保存至D:\BaiduNetdiskDownload\face-la          
           beling-master\face-labeling-master\yolov5\FaceFrame\frame3          
           1/face_test_mp4/coco_json                                           
           共计252个人脸txt文件，保存至D:\BaiduNetdiskDownload\face-l          
           abeling-master\face-labeling-master\yolov5\FaceFrame\frame          
           31/face_test_mp4/yolo_txt                                           
                                                                               
[22:28:24] 用时：29.097秒                                             log.py:22
                                                                               
[20:40:23] 2024-07-10 20:40:23                                        log.py:22
                                                                               
[20:42:40] 2024-07-10 20:42:40                                        log.py:22
                                                                               
[20:45:43] 2024-07-10 20:45:43                                        log.py:22
                                                                               
[20:46:19] 共计252张人脸图片，保存至D:\BaiduNetdiskDownload\face-labe log.py:22
           ling-master\face-labeling-master\yolov5\FaceFrame\frame34/          
           face_test_mp4/raw                                                   
           共计252张人脸标记图片，保存至D:\BaiduNetdiskDownload\face-          
           labeling-master\face-labeling-master\yolov5\FaceFrame\fram          
           e34/face_test_mp4/tag                                               
           共计252个人脸xml文件，保存至D:\BaiduNetdiskDownload\face-l          
           abeling-master\face-labeling-master\yolov5\FaceFrame\frame          
           34/face_test_mp4/voc_xml                                            
           共计1个人脸json文件，保存至D:\BaiduNetdiskDownload\face-la          
           beling-master\face-labeling-master\yolov5\FaceFrame\frame3          
           4/face_test_mp4/coco_json                                           
           共计252个人脸txt文件，保存至D:\BaiduNetdiskDownload\face-l          
           abeling-master\face-labeling-master\yolov5\FaceFrame\frame          
           34/face_test_mp4/yolo_txt                                           
                                                                               
[20:46:19] 用时：35.480秒                                             log.py:22
                                                                               
[20:54:55] 2024-07-10 20:54:55                                        log.py:22
                                                                               
[20:55:14] 2024-07-10 20:55:14                                        log.py:22
                                                                               
[20:56:04] 2024-07-10 20:56:04                                        log.py:22
                                                                               
[20:57:28] 2024-07-10 20:57:28                                        log.py:22
                                                                               
[21:05:11] 2024-07-10 21:05:11                                        log.py:22
                                                                               
[21:06:17] 2024-07-10 21:06:17                                        log.py:22
                                                                               
[21:07:20] 2024-07-10 21:07:20                                        log.py:22
                                                                               
[21:07:58] 共计252张人脸图片，保存至D:\BaiduNetdiskDownload\face-labe log.py:22
           ling-master\face-labeling-master\yolov5\FaceFrame\frame41/          
           face_test_mp4/raw                                                   
           共计252张人脸标记图片，保存至D:\BaiduNetdiskDownload\face-          
           labeling-master\face-labeling-master\yolov5\FaceFrame\fram          
           e41/face_test_mp4/tag                                               
           共计252个人脸xml文件，保存至D:\BaiduNetdiskDownload\face-l          
           abeling-master\face-labeling-master\yolov5\FaceFrame\frame          
           41/face_test_mp4/voc_xml                                            
           共计1个人脸json文件，保存至D:\BaiduNetdiskDownload\face-la          
           beling-master\face-labeling-master\yolov5\FaceFrame\frame4          
           1/face_test_mp4/coco_json                                           
           共计252个人脸txt文件，保存至D:\BaiduNetdiskDownload\face-l          
           abeling-master\face-labeling-master\yolov5\FaceFrame\frame          
           41/face_test_mp4/yolo_txt                                           
                                                                               
[21:07:58] 用时：37.943秒                                             log.py:22
                                                                               
[21:08:10] 2024-07-10 21:08:10                                        log.py:22
                                                                               
[21:09:49] 2024-07-10 21:09:49                                        log.py:22
                                                                               
[21:10:28] 共计252张人脸图片，保存至D:\BaiduNetdiskDownload\face-labe log.py:22
           ling-master\face-labeling-master\yolov5\FaceFrame\frame43/          
           face_test_mp4/raw                                                   
           共计252张人脸标记图片，保存至D:\BaiduNetdiskDownload\face-          
           labeling-master\face-labeling-master\yolov5\FaceFrame\fram          
           e43/face_test_mp4/tag                                               
           共计252个人脸xml文件，保存至D:\BaiduNetdiskDownload\face-l          
           abeling-master\face-labeling-master\yolov5\FaceFrame\frame          
           43/face_test_mp4/voc_xml                                            
           共计1个人脸json文件，保存至D:\BaiduNetdiskDownload\face-la          
           beling-master\face-labeling-master\yolov5\FaceFrame\frame4          
           3/face_test_mp4/coco_json                                           
           共计252个人脸txt文件，保存至D:\BaiduNetdiskDownload\face-l          
           abeling-master\face-labeling-master\yolov5\FaceFrame\frame          
           43/face_test_mp4/yolo_txt                                           
                                                                               
[21:10:28] 用时：39.312秒                                             log.py:22
                                                                               
[21:10:43] 2024-07-10 21:10:43                                        log.py:22
                                                                               
[21:11:22] 共计252张人脸图片，保存至D:\BaiduNetdiskDownload\face-labe log.py:22
           ling-master\face-labeling-master\yolov5\FaceFrame\frame44/          
           face_test_mp4/raw                                                   
           共计252张人脸标记图片，保存至D:\BaiduNetdiskDownload\face-          
           labeling-master\face-labeling-master\yolov5\FaceFrame\fram          
           e44/face_test_mp4/tag                                               
           共计252个人脸xml文件，保存至D:\BaiduNetdiskDownload\face-l          
           abeling-master\face-labeling-master\yolov5\FaceFrame\frame          
           44/face_test_mp4/voc_xml                                            
           共计1个人脸json文件，保存至D:\BaiduNetdiskDownload\face-la          
           beling-master\face-labeling-master\yolov5\FaceFrame\frame4          
           4/face_test_mp4/coco_json                                           
           共计252个人脸txt文件，保存至D:\BaiduNetdiskDownload\face-l          
           abeling-master\face-labeling-master\yolov5\FaceFrame\frame          
           44/face_test_mp4/yolo_txt                                           
                                                                               
[21:11:22] 用时：39.203秒                                             log.py:22
                                                                               
[21:12:03] 2024-07-10 21:12:03                                        log.py:22
                                                                               
[21:12:04] 用时：1.021秒                                              log.py:22
                                                                               
[21:12:04] 共计6张人脸图片，保存至D:\BaiduNetdiskDownload\face-labeli log.py:22
           ng-master\face-labeling-master\yolov5\FaceFrame\frame45/ra          
           w                                                                   
           共计6张人脸标记图片，保存至D:\BaiduNetdiskDownload\face-la          
           beling-master\face-labeling-master\yolov5\FaceFrame\frame4          
           5/tag                                                               
           共计6个人脸xml文件，保存至D:\BaiduNetdiskDownload\face-lab          
           eling-master\face-labeling-master\yolov5\FaceFrame\frame45          
           /voc_xml                                                            
           共计1个人脸json文件，保存至D:\BaiduNetdiskDownload\face-la          
           beling-master\face-labeling-master\yolov5\FaceFrame\frame4          
           5/coco_json                                                         
           共计6个人脸txt文件，保存至D:\BaiduNetdiskDownload\face-lab          
           eling-master\face-labeling-master\yolov5\FaceFrame\frame45          
           /yolo_txt                                                           
                                                                               
[21:12:17] 2024-07-10 21:12:17                                        log.py:22
                                                                               
[21:12:44] 2024-07-10 21:12:44                                        log.py:22
                                                                               
[21:13:38] 2024-07-10 21:13:38                                        log.py:22
                                                                               
[21:14:21] 2024-07-10 21:14:21                                        log.py:22
                                                                               
[21:15:41] 2024-07-10 21:15:41                                        log.py:22
                                                                               
[21:16:24] 用时：43.245秒                                             log.py:22
                                                                               
[21:16:24] 共计0张人脸图片，保存至D:\BaiduNetdiskDownload\face-labeli log.py:22
           ng-master\face-labeling-master\yolov5\FaceFrame\frame50/ra          
           w                                                                   
           共计0张人脸标记图片，保存至D:\BaiduNetdiskDownload\face-la          
           beling-master\face-labeling-master\yolov5\FaceFrame\frame5          
           0/tag                                                               
           共计0个人脸xml文件，保存至D:\BaiduNetdiskDownload\face-lab          
           eling-master\face-labeling-master\yolov5\FaceFrame\frame50          
           /voc_xml                                                            
           共计1个人脸json文件，保存至D:\BaiduNetdiskDownload\face-la          
           beling-master\face-labeling-master\yolov5\FaceFrame\frame5          
           0/coco_json                                                         
           共计0个人脸txt文件，保存至D:\BaiduNetdiskDownload\face-lab          
           eling-master\face-labeling-master\yolov5\FaceFrame\frame50          
           /yolo_txt                                                           
                                                                               
[21:26:20] 2024-07-10 21:26:20                                        log.py:22
                                                                               
[21:26:35] 用时：15.559秒                                             log.py:22
                                                                               
[21:26:35] 共计0张人脸图片，保存至D:\BaiduNetdiskDownload\face-labeli log.py:22
           ng-master\face-labeling-master\yolov5\runs\exp/raw                  
           共计0张人脸标记图片，保存至D:\BaiduNetdiskDownload\face-la          
           beling-master\face-labeling-master\yolov5\runs\exp/tag              
           共计0个人脸xml文件，保存至D:\BaiduNetdiskDownload\face-lab          
           eling-master\face-labeling-master\yolov5\runs\exp/voc_xml           
           共计1个人脸json文件，保存至D:\BaiduNetdiskDownload\face-la          
           beling-master\face-labeling-master\yolov5\runs\exp/coco_js          
           on                                                                  
           共计0个人脸txt文件，保存至D:\BaiduNetdiskDownload\face-lab          
           eling-master\face-labeling-master\yolov5\runs\exp/yolo_txt          
                                                                               
[21:27:12] 2024-07-10 21:27:12                                        log.py:22
                                                                               
[21:28:06] 2024-07-10 21:28:06                                        log.py:22
                                                                               
[21:28:07] 用时：1.003秒                                              log.py:22
                                                                               
[21:28:07] 共计6张人脸图片，保存至D:\BaiduNetdiskDownload\face-labeli log.py:22
           ng-master\face-labeling-master\yolov5\runs\exp3/raw                 
           共计6张人脸标记图片，保存至D:\BaiduNetdiskDownload\face-la          
           beling-master\face-labeling-master\yolov5\runs\exp3/tag             
           共计6个人脸xml文件，保存至D:\BaiduNetdiskDownload\face-lab          
           eling-master\face-labeling-master\yolov5\runs\exp3/voc_xml          
           共计1个人脸json文件，保存至D:\BaiduNetdiskDownload\face-la          
           beling-master\face-labeling-master\yolov5\runs\exp3/coco_j          
           son                                                                 
           共计6个人脸txt文件，保存至D:\BaiduNetdiskDownload\face-lab          
           eling-master\face-labeling-master\yolov5\runs\exp3/yolo_tx          
           t                                                                   
                                                                               
[21:28:31] 2024-07-10 21:28:31                                        log.py:22
                                                                               
[21:29:33] 2024-07-10 21:29:33                                        log.py:22
                                                                               
[21:30:15] 共计252张人脸图片，保存至D:\BaiduNetdiskDownload\face-labe log.py:22
           ling-master\face-labeling-master\yolov5\runs\exp5/face_tes          
           t_mp4/raw                                                           
           共计252张人脸标记图片，保存至D:\BaiduNetdiskDownload\face-          
           labeling-master\face-labeling-master\yolov5\runs\exp5/face          
           _test_mp4/tag                                                       
           共计252个人脸xml文件，保存至D:\BaiduNetdiskDownload\face-l          
           abeling-master\face-labeling-master\yolov5\runs\exp5/face_          
           test_mp4/voc_xml                                                    
           共计1个人脸json文件，保存至D:\BaiduNetdiskDownload\face-la          
           beling-master\face-labeling-master\yolov5\runs\exp5/face_t          
           est_mp4/coco_json                                                   
           共计252个人脸txt文件，保存至D:\BaiduNetdiskDownload\face-l          
           abeling-master\face-labeling-master\yolov5\runs\exp5/face_          
           test_mp4/yolo_txt                                                   
                                                                               
[21:30:15] 用时：41.572秒                                             log.py:22
                                                                               
[21:46:51] 2024-07-10 21:46:51                                                                                                         log.py:21
                                                                                                                                                
[21:47:05] 用时：13.471秒                                                                                                              log.py:21
                                                                                                                                                
[21:47:05] 共计20张人脸图片，保存至F:\yolov5-face-labeling\runs\exp/raw                                                                log.py:21
           共计20张人脸标记图片，保存至F:\yolov5-face-labeling\runs\exp/tag                                                                     
           共计20个人脸xml文件，保存至F:\yolov5-face-labeling\runs\exp/voc_xml                                                                  
           共计1个人脸json文件，保存至F:\yolov5-face-labeling\runs\exp/coco_json                                                                
           共计20个人脸txt文件，保存至F:\yolov5-face-labeling\runs\exp/yolo_txt                                                                 
                                                                                                                                                
[21:47:56] 2024-07-10 21:47:56                                                                                                         log.py:21
                                                                                                                                                
[21:47:57] 用时：1.107秒                                                                                                               log.py:21
                                                                                                                                                
[21:47:57] 共计6张人脸图片，保存至F:\yolov5-face-labeling\runs\exp/raw                                                                 log.py:21
           共计6张人脸标记图片，保存至F:\yolov5-face-labeling\runs\exp/tag                                                                      
           共计6个人脸xml文件，保存至F:\yolov5-face-labeling\runs\exp/voc_xml                                                                   
           共计1个人脸json文件，保存至F:\yolov5-face-labeling\runs\exp/coco_json                                                                
           共计6个人脸txt文件，保存至F:\yolov5-face-labeling\runs\exp/yolo_txt                                                                  
                                                                                                                                                
[21:48:26] 2024-07-10 21:48:26                                                                                                         log.py:21
                                                                                                                                                
[21:49:06] 共计252张人脸图片，保存至F:\yolov5-face-labeling\runs\exp2/face_test_mp4/raw                                                log.py:21
           共计252张人脸标记图片，保存至F:\yolov5-face-labeling\runs\exp2/face_test_mp4/tag                                                     
           共计252个人脸xml文件，保存至F:\yolov5-face-labeling\runs\exp2/face_test_mp4/voc_xml                                                  
           共计1个人脸json文件，保存至F:\yolov5-face-labeling\runs\exp2/face_test_mp4/coco_json                                                 
           共计252个人脸txt文件，保存至F:\yolov5-face-labeling\runs\exp2/face_test_mp4/yolo_txt                                                 
                                                                                                                                                
[21:49:06] 用时：39.624秒                                                                                                              log.py:21
                                                                                                                                                
[21:50:08] 2024-07-10 21:50:08                                        log.py:21
                                                                               
[21:52:15] 2024-07-10 21:52:15                                                                                                         log.py:21
                                                                                                                                                
[21:52:16] 用时：1.048秒                                                                                                               log.py:21
                                                                                                                                                
[21:52:16] 共计6张人脸图片，保存至F:\yolov5-face-labeling\runs\exp4/raw                                                                log.py:21
           共计6张人脸标记图片，保存至F:\yolov5-face-labeling\runs\exp4/tag                                                                     
           共计6个人脸xml文件，保存至F:\yolov5-face-labeling\runs\exp4/voc_xml                                                                  
           共计1个人脸json文件，保存至F:\yolov5-face-labeling\runs\exp4/coco_json                                                               
           共计6个人脸txt文件，保存至F:\yolov5-face-labeling\runs\exp4/yolo_txt                                                                 
                                                                                                                                                
[21:53:45] 2024-07-10 21:53:45                                                                                                         log.py:21
                                                                                                                                                
[21:53:46] 用时：1.061秒                                                                                                               log.py:21
                                                                                                                                                
[21:53:46] 共计6张人脸图片，保存至F:\yolov5-face-labeling\runs\exp5/raw                                                                log.py:21
           共计6张人脸标记图片，保存至F:\yolov5-face-labeling\runs\exp5/tag                                                                     
           共计6个人脸xml文件，保存至F:\yolov5-face-labeling\runs\exp5/voc_xml                                                                  
           共计1个人脸json文件，保存至F:\yolov5-face-labeling\runs\exp5/coco_json                                                               
           共计6个人脸txt文件，保存至F:\yolov5-face-labeling\runs\exp5/yolo_txt                                                                 
                                                                                                                                                
[21:54:13] 2024-07-10 21:54:13                                                                                                         log.py:21
                                                                                                                                                
[21:54:14] 用时：1.046秒                                                                                                               log.py:21
                                                                                                                                                
[21:54:14] 共计6张人脸图片，保存至F:\yolov5-face-labeling\runs\exp6/raw                                                                log.py:21
           共计6张人脸标记图片，保存至F:\yolov5-face-labeling\runs\exp6/tag                                                                     
           共计6个人脸xml文件，保存至F:\yolov5-face-labeling\runs\exp6/voc_xml                                                                  
           共计1个人脸json文件，保存至F:\yolov5-face-labeling\runs\exp6/coco_json                                                               
           共计6个人脸txt文件，保存至F:\yolov5-face-labeling\runs\exp6/yolo_txt                                                                 
                                                                                                                                                
[21:54:58] 2024-07-10 21:54:58                                                                                                         log.py:21
                                                                                                                                                
[21:54:59] 用时：1.132秒                                                                                                               log.py:21
                                                                                                                                                
[21:54:59] 共计6张人脸图片，保存至F:\yolov5-face-labeling\runs\exp7/raw                                                                log.py:21
           共计6张人脸标记图片，保存至F:\yolov5-face-labeling\runs\exp7/tag                                                                     
           共计6个人脸xml文件，保存至F:\yolov5-face-labeling\runs\exp7/voc_xml                                                                  
           共计1个人脸json文件，保存至F:\yolov5-face-labeling\runs\exp7/coco_json                                                               
           共计6个人脸txt文件，保存至F:\yolov5-face-labeling\runs\exp7/yolo_txt                                                                 
                                                                                                                                                
